2025-06-11 15:48:14 [INFO] Already logged in to Azure CLI as andrew@kemponline.co.uk
2025-06-11 15:48:14 [INFO] Already connected to Az PowerShell as andrew@kemponline.co.uk
2025-06-11 15:48:14 [INFO] Already connected to Microsoft Graph as andrew@kemponline.co.uk
2025-06-11 15:48:14 [INFO] Environment preparation complete.
2025-06-11 15:48:15 [INFO] Fetching Azure subscriptions...
2025-06-11 15:48:20 [INFO] Using subscription: Microsoft Azure Sponsorship (9ccc53d0-c424-42d0-8fd6-b48edcea12dd)
2025-06-11 15:48:22 [INFO] Subscription selection complete.
2025-06-11 15:48:32 [INFO] Using resource group: Kemponline-AVD (uksouth)
2025-06-11 15:48:32 [INFO] Resource group setup complete.
2025-06-11 15:48:43 [INFO] Already logged in to Azure CLI as andrew@kemponline.co.uk
2025-06-11 15:48:43 [INFO] Already connected to Az PowerShell as andrew@kemponline.co.uk
2025-06-11 15:48:43 [INFO] Already connected to Microsoft Graph as andrew@kemponline.co.uk
2025-06-11 15:48:43 [INFO] Environment preparation complete.
2025-06-11 15:48:44 [INFO] Fetching Azure subscriptions...
2025-06-11 15:49:55 [INFO] Using subscription: Microsoft Azure Sponsorship (9ccc53d0-c424-42d0-8fd6-b48edcea12dd)
2025-06-11 15:49:56 [INFO] Subscription selection complete.
2025-06-11 15:51:32 [INFO] Already logged in to Azure CLI as andrew@kemponline.co.uk
2025-06-11 15:51:32 [INFO] Already connected to Az PowerShell as andrew@kemponline.co.uk
2025-06-11 15:51:32 [INFO] Already connected to Microsoft Graph as andrew@kemponline.co.uk
2025-06-11 15:51:32 [INFO] Environment preparation complete.
2025-06-11 15:51:33 [INFO] Fetching Azure subscriptions...
2025-06-11 15:51:37 [INFO] Using subscription: Microsoft Azure Sponsorship (9ccc53d0-c424-42d0-8fd6-b48edcea12dd)
2025-06-11 15:51:40 [INFO] Subscription selection complete.
2025-06-11 15:52:09 [INFO] Creating resource group vPAW in uksouth...
2025-06-11 15:52:12 [INFO] Resource group vPAW created.
2025-06-11 15:52:12 [INFO] Resource group setup complete.
2025-06-11 15:52:21 [INFO] Searching for Azure AD groups containing 'vPAW' for Users (Contributors)...
2025-06-11 15:52:23 [INFO] Selected AAD group for: _Grp-vPAW-Users ObjectId: 12573206-bbc0-498d-b12d-7b5053ea63de
2025-06-11 15:52:23 [INFO] Searching for Azure AD groups containing 'vPAW' for Admins (Elevated Contributors)...
2025-06-11 15:52:25 [INFO] Selected AAD group for: _Grp-vPAW-Admins ObjectId: a6afe79a-4dba-4a5c-9b18-41cee3142b09
2025-06-11 15:52:25 [INFO] Entra group setup complete.
2025-06-11 15:52:35 [INFO] Checking storage account name availability: vpawstorage
2025-06-11 15:52:37 [INFO] Storage account name 'vpawstorage' is available.
2025-06-11 15:52:43 [INFO] All parameters saved for later use in C:\Scripts\GitHub\VirtualPAW\vPAWConf.inf
2025-06-11 15:52:43 [INFO] Deployment parameter input complete.
2025-06-11 15:52:44 [INFO] Deployment parameter summary displayed.
2025-06-11 15:52:56 [INFO] Starting deployment...
2025-06-11 15:52:56 [INFO] az deployment group create --resource-group vPAW --template-file vPAW-CoreInfra.Bicep --parameters DefaultPrefix=vPAW vNetAddressPrefix=192.168.250.0/24 subnetAddressPrefix=192.168.250.0/24 storageAccountName=vpawstorage smbContributorsGroupId=12573206-bbc0-498d-b12d-7b5053ea63de smbElevatedContributorsGroupId=a6afe79a-4dba-4a5c-9b18-41cee3142b09
2025-06-11 15:54:05 [INFO] Deployment command executed.
2025-06-11 15:54:05 [INFO] Deployment section complete.
2025-06-11 15:54:08 [INFO] Assigning 'Virtual Machine User Login' to object 12573206-bbc0-498d-b12d-7b5053ea63de at scope /subscriptions/9ccc53d0-c424-42d0-8fd6-b48edcea12dd/resourceGroups/vPAW...
2025-06-11 15:54:13 [INFO] Assigning 'Virtual Machine User Login' to object a6afe79a-4dba-4a5c-9b18-41cee3142b09 at scope /subscriptions/9ccc53d0-c424-42d0-8fd6-b48edcea12dd/resourceGroups/vPAW...
2025-06-11 15:54:17 [INFO] Assigning 'Virtual Machine Administrator Login' to object a6afe79a-4dba-4a5c-9b18-41cee3142b09 at scope /subscriptions/9ccc53d0-c424-42d0-8fd6-b48edcea12dd/resourceGroups/vPAW...
2025-06-11 15:54:22 [INFO] Assigning 'Desktop Virtualization Power On Contributor' to object 5de3faef-bc6a-4dce-93d6-da682dd1ab99 at scope /subscriptions/9ccc53d0-c424-42d0-8fd6-b48edcea12dd/resourceGroups/vPAW...
2025-06-11 15:54:26 [INFO] Checking for WVD Application Group: vPAW-AppGroup in resource group: vPAW
2025-06-11 15:54:27 [INFO] Assigning 'Desktop Virtualization User' to object 12573206-bbc0-498d-b12d-7b5053ea63de at scope /subscriptions/9ccc53d0-c424-42d0-8fd6-b48edcea12dd/resourcegroups/vPAW/providers/Microsoft.DesktopVirtualization/applicationgroups/vPAW-AppGroup...
2025-06-11 15:54:31 [INFO] Assigning 'Desktop Virtualization User' to object a6afe79a-4dba-4a5c-9b18-41cee3142b09 at scope /subscriptions/9ccc53d0-c424-42d0-8fd6-b48edcea12dd/resourcegroups/vPAW/providers/Microsoft.DesktopVirtualization/applicationgroups/vPAW-AppGroup...
2025-06-11 15:54:34 [INFO] Session Desktop friendly name configuration...
2025-06-11 15:54:55 [INFO] Updating SessionDesktop friendly name to 'Kemponline vPAW'...
2025-06-11 15:54:55 [INFO] RBAC and AVD configuration complete.
2025-06-11 15:54:57 [INFO] Automatically selected storage app: [Storage Account] vpawstorage.file.core.windows.net (AppId: 76cb8750-843f-42e1-976c-1cd4e9d79069)
2025-06-11 15:54:57 [INFO] Storage App selected: [Storage Account] vpawstorage.file.core.windows.net AppId: 76cb8750-843f-42e1-976c-1cd4e9d79069 ObjectId: 05542936-d28b-4169-9ea1-9c330cae1e5b
2025-06-11 15:54:59 [INFO] Conditional Access policies targeting ALL apps (excluding Microsoft Managed) enumerated.
2025-06-11 15:54:59 [INFO] Updating policy '901 - Block Legacy Auth' (Id: a87a3ec0-842e-4b9b-8b43-640842c2fe22) to exclude AppId 76cb8750-843f-42e1-976c-1cd4e9d79069...
2025-06-11 15:55:00 [INFO] Policy '901 - Block Legacy Auth' updated to exclude AppId 76cb8750-843f-42e1-976c-1cd4e9d79069.
2025-06-11 15:55:00 [INFO] Updating policy '101 - MFA For All' (Id: 2b33bee0-e73d-4931-b2f5-a7ab44eba103) to exclude AppId 76cb8750-843f-42e1-976c-1cd4e9d79069...
2025-06-11 15:55:02 [INFO] Policy '101 - MFA For All' updated to exclude AppId 76cb8750-843f-42e1-976c-1cd4e9d79069.
2025-06-11 15:55:02 [INFO] Updating policy '102 - Sign in every day Personal Device' (Id: 0abf4b28-59a0-46fd-b5f8-27fc5082b4e6) to exclude AppId 76cb8750-843f-42e1-976c-1cd4e9d79069...
2025-06-11 15:55:06 [INFO] Policy '102 - Sign in every day Personal Device' updated to exclude AppId 76cb8750-843f-42e1-976c-1cd4e9d79069.
2025-06-11 15:55:06 [INFO] Updating policy '803 - Admin re-authenticate every 8Hrs' (Id: bcea941e-41d4-48b1-b551-913d4175c25a) to exclude AppId 76cb8750-843f-42e1-976c-1cd4e9d79069...
2025-06-11 15:55:08 [INFO] Policy '803 - Admin re-authenticate every 8Hrs' updated to exclude AppId 76cb8750-843f-42e1-976c-1cd4e9d79069.
2025-06-11 15:55:08 [INFO] Updating policy '101 - Passkey' (Id: 24765ef4-7357-4cd5-858b-007bd470a0bb) to exclude AppId 76cb8750-843f-42e1-976c-1cd4e9d79069...
2025-06-11 15:55:09 [INFO] Policy '101 - Passkey' updated to exclude AppId 76cb8750-843f-42e1-976c-1cd4e9d79069.
2025-06-11 15:55:09 [INFO] Updating policy '901 - Privileged Access (New)' (Id: 64f5531f-0a4c-4bac-addf-2e1b59ab4e4d) to exclude AppId 76cb8750-843f-42e1-976c-1cd4e9d79069...
2025-06-11 15:55:10 [INFO] Policy '901 - Privileged Access (New)' updated to exclude AppId 76cb8750-843f-42e1-976c-1cd4e9d79069.
2025-06-11 15:55:10 [WARN] Skipping Microsoft-managed policy 'Microsoft-managed: Multifactor authentication and reauthentication for risky sign-ins'; cannot update excluded apps.
2025-06-11 15:55:11 [INFO] Updating policy 'Priv - Restrict Access to cPAW only' (Id: 1152d395-1fa4-4412-8699-32053bdea41f) to exclude AppId 76cb8750-843f-42e1-976c-1cd4e9d79069...
2025-06-11 15:55:12 [INFO] Policy 'Priv - Restrict Access to cPAW only' updated to exclude AppId 76cb8750-843f-42e1-976c-1cd4e9d79069.
2025-06-11 15:55:12 [INFO] Script completed. Please verify CA exclusions and grant admin consent for [Storage Account] vpawstorage.file.core.windows.net in Azure Portal.
2025-06-11 15:55:12 [INFO] Conditional Access exclusion complete.
2025-06-11 18:47:42 [INFO] Loaded previous session config from vPAWconf.inf
2025-06-11 18:47:50 [INFO] Loaded previous session config from vPAWconf.inf
2025-06-11 18:47:53 [INFO] User chose to reuse previous session config: n
2025-06-11 19:27:53 [INFO] Loaded previous session config from vPAWconf.inf
2025-06-11 19:33:26 [INFO] Loaded previous session config from vPAWconf.inf
2025-06-11 19:39:03 [INFO] Already logged in to Azure CLI as andrew@kemponline.co.uk
2025-06-11 19:39:03 [INFO] Already connected to Az PowerShell as andrew@kemponline.co.uk
2025-06-11 19:39:04 [WARN] Connecting to Microsoft Graph...
2025-06-11 19:39:05 [INFO] Connected to Microsoft Graph as andrew@kemponline.co.uk
2025-06-11 19:39:05 [INFO] Environment preparation complete.
2025-06-11 19:39:06 [INFO] Fetching Azure subscriptions...
2025-06-11 19:39:12 [INFO] Using subscription: MCT Subscription (13869b4a-7bd0-4f35-a796-3ea82f39c884)
2025-06-11 19:39:16 [INFO] Subscription selection complete.
2025-06-11 19:39:28 [INFO] Creating resource group vPAW in uksouth...
2025-06-11 19:39:32 [INFO] Resource group vPAW created.
2025-06-11 19:39:32 [INFO] Resource group setup complete.
2025-06-11 19:40:41 [INFO] Searching for Azure AD groups containing 'vPAW' for Users (Contributors)...
2025-06-11 19:40:46 [INFO] Selected AAD group for: _Grp-vPAW-Users ObjectId: 12573206-bbc0-498d-b12d-7b5053ea63de
2025-06-11 19:40:46 [INFO] Searching for Azure AD groups containing 'vPAW' for Admins (Elevated Contributors)...
2025-06-11 19:42:27 [INFO] Already logged in to Azure CLI as andrew@kemponline.co.uk
2025-06-11 19:42:27 [INFO] Already connected to Az PowerShell as andrew@kemponline.co.uk
2025-06-11 19:42:27 [INFO] Already connected to Microsoft Graph as andrew@kemponline.co.uk
2025-06-11 19:42:27 [INFO] Environment preparation complete.
2025-06-11 19:42:28 [INFO] Fetching Azure subscriptions...
2025-06-11 19:42:33 [INFO] Using subscription: MCT Subscription (13869b4a-7bd0-4f35-a796-3ea82f39c884)
2025-06-11 19:42:36 [INFO] Subscription selection complete.
2025-06-11 19:42:44 [INFO] Using resource group: vPAW (uksouth)
2025-06-11 19:42:44 [INFO] Resource group setup complete.
2025-06-11 19:42:51 [INFO] Searching for Azure AD groups containing 'vPAW' for Users (Contributors)...
2025-06-11 19:43:00 [INFO] Selected AAD group for: _Grp-vPAW-Users ObjectId: 12573206-bbc0-498d-b12d-7b5053ea63de
2025-06-11 19:43:00 [INFO] Searching for Azure AD groups containing 'vPAW' for Admins (Elevated Contributors)...
2025-06-11 19:43:59 [INFO] Already logged in to Azure CLI as andrew@kemponline.co.uk
2025-06-11 19:43:59 [INFO] Already connected to Az PowerShell as andrew@kemponline.co.uk
2025-06-11 19:43:59 [INFO] Already connected to Microsoft Graph as andrew@kemponline.co.uk
2025-06-11 19:43:59 [INFO] Environment preparation complete.
2025-06-11 19:44:00 [INFO] Fetching Azure subscriptions...
2025-06-11 19:44:04 [INFO] Using subscription: MCT Subscription (13869b4a-7bd0-4f35-a796-3ea82f39c884)
2025-06-11 19:44:05 [INFO] Subscription selection complete.
2025-06-11 19:44:13 [INFO] Using resource group: vPAW (uksouth)
2025-06-11 19:44:13 [INFO] Resource group setup complete.
2025-06-11 19:44:20 [INFO] Searching for Azure AD groups containing 'vpaw' for Users (Contributors)...
2025-06-11 19:44:23 [INFO] Selected AAD group for: _Grp-vPAW-Users ObjectId: 12573206-bbc0-498d-b12d-7b5053ea63de
2025-06-11 19:44:23 [INFO] Searching for Azure AD groups containing 'vpaw' for Admins (Elevated Contributors)...
2025-06-11 19:44:27 [INFO] Selected AAD group for: _Grp-vPAW-Admins ObjectId: a6afe79a-4dba-4a5c-9b18-41cee3142b09
2025-06-11 19:44:27 [INFO] Entra group setup complete.
2025-06-11 19:44:38 [INFO] Checking storage account name availability: vpawstorage
2025-06-11 19:44:40 [INFO] Storage account name 'vpawstorage' is available.
2025-06-11 19:44:44 [INFO] All parameters saved for later use in C:\Scripts\GitHub\VirtualPAW\vPAWConf.inf
2025-06-11 19:44:44 [INFO] Deployment parameter input complete.
2025-06-11 19:44:45 [INFO] Deployment parameter summary displayed.
2025-06-11 19:44:47 [INFO] Starting deployment...
2025-06-11 19:44:47 [INFO] az deployment group create --resource-group vPAW --template-file vPAW-CoreInfra.Bicep --parameters DefaultPrefix=vPAW vNetAddressPrefix=192.168.250.0/24 subnetAddressPrefix=192.168.250.0/24 storageAccountName=vpawstorage smbContributorsGroupId=12573206-bbc0-498d-b12d-7b5053ea63de smbElevatedContributorsGroupId=a6afe79a-4dba-4a5c-9b18-41cee3142b09
2025-06-11 19:46:26 [INFO] Deployment command executed.
2025-06-11 19:46:26 [INFO] Deployment section complete.
2025-06-11 19:46:36 [INFO] Assigning 'Virtual Machine User Login' to object 12573206-bbc0-498d-b12d-7b5053ea63de at scope /subscriptions/13869b4a-7bd0-4f35-a796-3ea82f39c884/resourceGroups/vPAW...
2025-06-11 19:46:41 [INFO] Assigning 'Virtual Machine User Login' to object a6afe79a-4dba-4a5c-9b18-41cee3142b09 at scope /subscriptions/13869b4a-7bd0-4f35-a796-3ea82f39c884/resourceGroups/vPAW...
2025-06-11 19:47:05 [INFO] Assigning 'Virtual Machine Administrator Login' to object a6afe79a-4dba-4a5c-9b18-41cee3142b09 at scope /subscriptions/13869b4a-7bd0-4f35-a796-3ea82f39c884/resourceGroups/vPAW...
2025-06-11 19:47:09 [INFO] Assigning 'Desktop Virtualization Power On Contributor' to object 5de3faef-bc6a-4dce-93d6-da682dd1ab99 at scope /subscriptions/13869b4a-7bd0-4f35-a796-3ea82f39c884/resourceGroups/vPAW...
2025-06-11 19:47:13 [INFO] Checking for WVD Application Group: vPAW-AppGroup in resource group: vPAW
2025-06-11 19:47:16 [INFO] Assigning 'Desktop Virtualization User' to object 12573206-bbc0-498d-b12d-7b5053ea63de at scope /subscriptions/13869b4a-7bd0-4f35-a796-3ea82f39c884/resourcegroups/vPAW/providers/Microsoft.DesktopVirtualization/applicationgroups/vPAW-AppGroup...
2025-06-11 19:47:21 [INFO] Assigning 'Desktop Virtualization User' to object a6afe79a-4dba-4a5c-9b18-41cee3142b09 at scope /subscriptions/13869b4a-7bd0-4f35-a796-3ea82f39c884/resourcegroups/vPAW/providers/Microsoft.DesktopVirtualization/applicationgroups/vPAW-AppGroup...
2025-06-11 19:47:25 [INFO] Session Desktop friendly name configuration...
2025-06-11 19:47:33 [INFO] Updating SessionDesktop friendly name to 'Kemponline-vPAW'...
2025-06-11 19:47:34 [INFO] RBAC and AVD configuration complete.
2025-06-11 19:47:37 [INFO] Automatically selected storage app: [Storage Account] vpawstorage.file.core.windows.net (AppId: 3af42990-a114-4036-8a20-866db0c55955)
2025-06-11 19:47:37 [INFO] Storage App selected: [Storage Account] vpawstorage.file.core.windows.net AppId: 3af42990-a114-4036-8a20-866db0c55955 ObjectId: 17bd4a81-9940-4177-9349-29ec682bec29
2025-06-11 19:47:41 [INFO] Conditional Access policies targeting ALL apps (excluding Microsoft Managed) enumerated.
2025-06-11 19:47:41 [INFO] Updating policy '901 - Block Legacy Auth' (Id: a87a3ec0-842e-4b9b-8b43-640842c2fe22) to exclude AppId 3af42990-a114-4036-8a20-866db0c55955...
2025-06-11 19:47:43 [INFO] Policy '901 - Block Legacy Auth' updated to exclude AppId 3af42990-a114-4036-8a20-866db0c55955.
2025-06-11 19:47:43 [INFO] Updating policy '101 - MFA For All' (Id: 2b33bee0-e73d-4931-b2f5-a7ab44eba103) to exclude AppId 3af42990-a114-4036-8a20-866db0c55955...
2025-06-11 19:47:44 [INFO] Policy '101 - MFA For All' updated to exclude AppId 3af42990-a114-4036-8a20-866db0c55955.
2025-06-11 19:47:44 [INFO] Updating policy '102 - Sign in every day Personal Device' (Id: 0abf4b28-59a0-46fd-b5f8-27fc5082b4e6) to exclude AppId 3af42990-a114-4036-8a20-866db0c55955...
2025-06-11 19:47:45 [INFO] Policy '102 - Sign in every day Personal Device' updated to exclude AppId 3af42990-a114-4036-8a20-866db0c55955.
2025-06-11 19:47:45 [INFO] Updating policy '803 - Admin re-authenticate every 8Hrs' (Id: bcea941e-41d4-48b1-b551-913d4175c25a) to exclude AppId 3af42990-a114-4036-8a20-866db0c55955...
2025-06-11 19:47:46 [INFO] Policy '803 - Admin re-authenticate every 8Hrs' updated to exclude AppId 3af42990-a114-4036-8a20-866db0c55955.
2025-06-11 19:47:46 [INFO] Updating policy '101 - Passkey' (Id: 24765ef4-7357-4cd5-858b-007bd470a0bb) to exclude AppId 3af42990-a114-4036-8a20-866db0c55955...
2025-06-11 19:47:48 [INFO] Policy '101 - Passkey' updated to exclude AppId 3af42990-a114-4036-8a20-866db0c55955.
2025-06-11 19:47:48 [INFO] Updating policy '901 - Privileged Access (New)' (Id: 64f5531f-0a4c-4bac-addf-2e1b59ab4e4d) to exclude AppId 3af42990-a114-4036-8a20-866db0c55955...
2025-06-11 19:47:49 [INFO] Policy '901 - Privileged Access (New)' updated to exclude AppId 3af42990-a114-4036-8a20-866db0c55955.
2025-06-11 19:47:49 [WARN] Skipping Microsoft-managed policy 'Microsoft-managed: Multifactor authentication and reauthentication for risky sign-ins'; cannot update excluded apps.
2025-06-11 19:47:49 [INFO] Updating policy 'Priv - Restrict Access to cPAW only' (Id: 1152d395-1fa4-4412-8699-32053bdea41f) to exclude AppId 3af42990-a114-4036-8a20-866db0c55955...
2025-06-11 19:47:51 [INFO] Policy 'Priv - Restrict Access to cPAW only' updated to exclude AppId 3af42990-a114-4036-8a20-866db0c55955.
2025-06-11 19:47:51 [INFO] Script completed. Please verify CA exclusions and grant admin consent for [Storage Account] vpawstorage.file.core.windows.net in Azure Portal.
2025-06-11 19:47:51 [INFO] Conditional Access exclusion complete.
2025-06-11 19:57:00 [INFO] Already logged in to Azure CLI as andrew@kemponline.co.uk
2025-06-11 19:57:00 [INFO] Already connected to Az PowerShell as andrew@kemponline.co.uk
2025-06-11 19:57:00 [INFO] Already connected to Microsoft Graph as andrew@kemponline.co.uk
2025-06-11 19:57:00 [INFO] Environment preparation complete.
2025-06-11 19:57:01 [INFO] Fetching Azure subscriptions...
2025-06-11 19:57:07 [INFO] Using subscription: MCT Subscription (13869b4a-7bd0-4f35-a796-3ea82f39c884)
2025-06-11 19:57:11 [INFO] Subscription selection complete.
2025-06-11 19:57:23 [INFO] Creating resource group vPAW in uksouth...
2025-06-11 19:57:26 [INFO] Resource group vPAW created.
2025-06-11 19:57:26 [INFO] Resource group setup complete.
2025-06-11 19:57:33 [INFO] Searching for Azure AD groups containing 'vPAW' for Users (Contributors)...
2025-06-11 19:57:34 [INFO] Selected AAD group for: _Grp-vPAW-Users ObjectId: 12573206-bbc0-498d-b12d-7b5053ea63de
2025-06-11 19:57:34 [INFO] Searching for Azure AD groups containing 'vPAW' for Admins (Elevated Contributors)...
2025-06-11 19:57:36 [INFO] Selected AAD group for: _Grp-vPAW-Admins ObjectId: a6afe79a-4dba-4a5c-9b18-41cee3142b09
2025-06-11 19:57:36 [INFO] Entra group setup complete.
2025-06-11 19:57:44 [INFO] Checking storage account name availability: vpawstorage1
2025-06-11 19:57:47 [INFO] Storage account name 'vpawstorage1' is available.
2025-06-11 19:58:00 [INFO] All parameters saved for later use in C:\Scripts\GitHub\VirtualPAW\vPAWConf.inf
2025-06-11 19:58:00 [INFO] Deployment parameter input complete.
2025-06-11 19:58:01 [INFO] Deployment parameter summary displayed.
2025-06-11 19:58:04 [INFO] Starting deployment...
2025-06-11 19:58:04 [INFO] az deployment group create --resource-group vPAW --template-file vPAW-CoreInfra.Bicep --parameters DefaultPrefix=vPAW vNetAddressPrefix=192.168.250.0/24 subnetAddressPrefix=192.168.250.0/24 storageAccountName=vpawstorage1 smbContributorsGroupId=12573206-bbc0-498d-b12d-7b5053ea63de smbElevatedContributorsGroupId=a6afe79a-4dba-4a5c-9b18-41cee3142b09
2025-06-11 19:59:12 [INFO] Deployment command executed.
2025-06-11 19:59:12 [INFO] Deployment section complete.
2025-06-11 19:59:15 [INFO] Assigning 'Virtual Machine User Login' to object 12573206-bbc0-498d-b12d-7b5053ea63de at scope /subscriptions/13869b4a-7bd0-4f35-a796-3ea82f39c884/resourceGroups/vPAW...
2025-06-11 19:59:20 [INFO] Assigning 'Virtual Machine User Login' to object a6afe79a-4dba-4a5c-9b18-41cee3142b09 at scope /subscriptions/13869b4a-7bd0-4f35-a796-3ea82f39c884/resourceGroups/vPAW...
2025-06-11 19:59:26 [INFO] Assigning 'Virtual Machine Administrator Login' to object a6afe79a-4dba-4a5c-9b18-41cee3142b09 at scope /subscriptions/13869b4a-7bd0-4f35-a796-3ea82f39c884/resourceGroups/vPAW...
2025-06-11 19:59:30 [INFO] Assigning 'Desktop Virtualization Power On Contributor' to object 5de3faef-bc6a-4dce-93d6-da682dd1ab99 at scope /subscriptions/13869b4a-7bd0-4f35-a796-3ea82f39c884/resourceGroups/vPAW...
2025-06-11 19:59:53 [INFO] Checking for WVD Application Group: vPAW-AppGroup in resource group: vPAW
2025-06-11 19:59:54 [INFO] Assigning 'Desktop Virtualization User' to object 12573206-bbc0-498d-b12d-7b5053ea63de at scope /subscriptions/13869b4a-7bd0-4f35-a796-3ea82f39c884/resourcegroups/vPAW/providers/Microsoft.DesktopVirtualization/applicationgroups/vPAW-AppGroup...
2025-06-11 19:59:59 [INFO] Assigning 'Desktop Virtualization User' to object a6afe79a-4dba-4a5c-9b18-41cee3142b09 at scope /subscriptions/13869b4a-7bd0-4f35-a796-3ea82f39c884/resourcegroups/vPAW/providers/Microsoft.DesktopVirtualization/applicationgroups/vPAW-AppGroup...
2025-06-11 20:00:01 [INFO] Session Desktop friendly name configuration...
2025-06-11 20:00:16 [INFO] Updating SessionDesktop friendly name to 'Kemponline vPAW'...
2025-06-11 20:00:16 [INFO] RBAC and AVD configuration complete.
2025-06-11 20:00:17 [INFO] Automatically selected storage app: [Storage Account] vpawstorage1.file.core.windows.net (AppId: e6926846-3b9a-4b3d-b020-f948ba21b77c)
2025-06-11 20:00:17 [INFO] Storage App selected: [Storage Account] vpawstorage1.file.core.windows.net AppId: e6926846-3b9a-4b3d-b020-f948ba21b77c ObjectId: 0a8dc251-aada-49a0-8d34-8a4b2e8ece0d
2025-06-11 20:00:18 [INFO] Conditional Access policies targeting ALL apps (excluding Microsoft Managed) enumerated.
2025-06-11 20:00:18 [INFO] Updating policy '901 - Block Legacy Auth' (Id: a87a3ec0-842e-4b9b-8b43-640842c2fe22) to exclude AppId e6926846-3b9a-4b3d-b020-f948ba21b77c...
2025-06-11 20:00:19 [INFO] Policy '901 - Block Legacy Auth' updated to exclude AppId e6926846-3b9a-4b3d-b020-f948ba21b77c.
2025-06-11 20:00:19 [INFO] Updating policy '101 - MFA For All' (Id: 2b33bee0-e73d-4931-b2f5-a7ab44eba103) to exclude AppId e6926846-3b9a-4b3d-b020-f948ba21b77c...
2025-06-11 20:00:21 [INFO] Policy '101 - MFA For All' updated to exclude AppId e6926846-3b9a-4b3d-b020-f948ba21b77c.
2025-06-11 20:00:21 [INFO] Updating policy '102 - Sign in every day Personal Device' (Id: 0abf4b28-59a0-46fd-b5f8-27fc5082b4e6) to exclude AppId e6926846-3b9a-4b3d-b020-f948ba21b77c...
2025-06-11 20:00:22 [INFO] Policy '102 - Sign in every day Personal Device' updated to exclude AppId e6926846-3b9a-4b3d-b020-f948ba21b77c.
2025-06-11 20:00:22 [INFO] Updating policy '803 - Admin re-authenticate every 8Hrs' (Id: bcea941e-41d4-48b1-b551-913d4175c25a) to exclude AppId e6926846-3b9a-4b3d-b020-f948ba21b77c...
2025-06-11 20:00:23 [INFO] Policy '803 - Admin re-authenticate every 8Hrs' updated to exclude AppId e6926846-3b9a-4b3d-b020-f948ba21b77c.
2025-06-11 20:00:23 [INFO] Updating policy '101 - Passkey' (Id: 24765ef4-7357-4cd5-858b-007bd470a0bb) to exclude AppId e6926846-3b9a-4b3d-b020-f948ba21b77c...
2025-06-11 20:00:25 [INFO] Policy '101 - Passkey' updated to exclude AppId e6926846-3b9a-4b3d-b020-f948ba21b77c.
2025-06-11 20:00:25 [INFO] Updating policy '901 - Privileged Access (New)' (Id: 64f5531f-0a4c-4bac-addf-2e1b59ab4e4d) to exclude AppId e6926846-3b9a-4b3d-b020-f948ba21b77c...
2025-06-11 20:00:26 [INFO] Policy '901 - Privileged Access (New)' updated to exclude AppId e6926846-3b9a-4b3d-b020-f948ba21b77c.
2025-06-11 20:00:26 [WARN] Skipping Microsoft-managed policy 'Microsoft-managed: Multifactor authentication and reauthentication for risky sign-ins'; cannot update excluded apps.
2025-06-11 20:00:26 [INFO] Updating policy 'Priv - Restrict Access to cPAW only' (Id: 1152d395-1fa4-4412-8699-32053bdea41f) to exclude AppId e6926846-3b9a-4b3d-b020-f948ba21b77c...
2025-06-11 20:00:28 [INFO] Policy 'Priv - Restrict Access to cPAW only' updated to exclude AppId e6926846-3b9a-4b3d-b020-f948ba21b77c.
2025-06-11 20:00:28 [INFO] Script completed. Please verify CA exclusions and grant admin consent for [Storage Account] vpawstorage1.file.core.windows.net in Azure Portal.
2025-06-11 20:00:28 [INFO] Conditional Access exclusion complete.
2025-06-11 20:00:46 [INFO] Loaded previous session config from vPAWconf.inf
2025-06-11 20:00:54 [INFO] User chose to reuse previous session config: y
2025-06-11 20:01:05 [INFO] Auto-selected session host bicep file: vPAW-Deploy-SessionHost.bicep
2025-06-11 20:01:05 [INFO] User selected Bicep file: vPAW-Deploy-SessionHost.bicep
2025-06-11 20:01:05 [INFO] Checking modules and authenticating services
2025-06-11 20:06:04 [INFO] Loaded previous session config from vPAWconf.inf
2025-06-11 20:06:06 [INFO] User chose to reuse previous session config: y
2025-06-11 20:06:06 [INFO] Auto-selected session host Bicep file from inf: vPAW-Deploy-SessionHost.bicep
2025-06-11 20:06:06 [INFO] Checking modules and authenticating services
2025-06-11 20:06:35 [INFO] Loaded previous session config from vPAWconf.inf
2025-06-11 20:06:42 [INFO] User chose to reuse previous session config: y
2025-06-11 20:06:42 [INFO] Auto-selected session host Bicep file from inf: vPAW-Deploy-SessionHost.bicep
2025-06-11 20:06:42 [INFO] Checking modules and authenticating services
