2025-06-10 11:49:15 - Script started by andrew
2025-06-10 11:49:16 - Loaded previous session config from vPAWconf.inf
2025-06-10 11:49:29 - User chose to reuse previous session config: y
2025-06-10 11:49:29 - Checking modules and Azure CLI presence
2025-06-10 11:49:34 - Already logged in to Azure CLI as andrew@kemponline.co.uk
2025-06-10 11:49:35 - Already connected to Az PowerShell as andrew@kemponline.co.uk
2025-06-10 11:49:37 - Connected to Microsoft Graph as andrew@kemponline.co.uk
2025-06-10 11:49:41 - Using settings from vPAWconf.inf: Subscription=Microsoft Azure Sponsorship, ResourceGroup=vPAW, ...
2025-06-10 11:49:50 - Prompted: Enter the first name of the user (userFirstName):  Value: Andrew
2025-06-10 11:49:52 - Prompted: Enter the last name of the user (userLastName):  Value: Kemp
2025-06-10 11:50:01 - Prompted: Enter the user's UPN (userUPN):  Value: andrew@kemponline.co.uk
2025-06-10 11:50:02 - Prompted: Enter the admin username for the session host (adminUsername) Value: VPAW-Admin
2025-06-10 11:50:11 - Prompted: Enter the admin password for the session host (input hidden):  Value: [hidden]
2025-06-10 11:50:11 - Admin credentials entered (password not logged)
2025-06-10 11:50:11 - Checking Key Vault 'vpawkv123654' for secret 'vPAW-HostPool-RegistrationKey'
2025-06-10 11:50:16 - Failed to retrieve new registration key from Azure.
2025-06-10 11:50:16 - Failed to retrieve/create registration key: Failed to retrieve new registration key from Azure.
2025-06-10 13:03:58 - Script started by andrew
2025-06-10 13:03:58 - Loaded previous session config from vPAWconf.inf
2025-06-10 13:04:04 - User chose to reuse previous session config: y
2025-06-10 13:04:04 - Checking modules and Azure CLI presence
2025-06-10 13:04:06 - Already logged in to Azure CLI as andrew@kemponline.co.uk
2025-06-10 13:04:06 - Already connected to Az PowerShell as andrew@kemponline.co.uk
2025-06-10 13:04:11 - Connected to Microsoft Graph as andrew@kemponline.co.uk
2025-06-10 13:04:14 - Using settings from vPAWconf.inf: Subscription=Microsoft Azure Sponsorship, ResourceGroup=vPAW, ...
2025-06-10 13:04:20 - Prompted: Enter the first name of the user (userFirstName):  Value: Andrew
2025-06-10 13:04:21 - Prompted: Enter the last name of the user (userLastName):  Value: Kemp
2025-06-10 13:04:30 - Prompted: Enter the user's UPN (userUPN):  Value: andrew@kemponline.co.uk
2025-06-10 13:04:32 - Prompted: Enter the admin username for the session host (adminUsername) Value: VPAW-Admin
2025-06-10 13:04:39 - Prompted: Enter the admin password for the session host (input hidden):  Value: [hidden]
2025-06-10 13:04:39 - Admin credentials entered (password not logged)
2025-06-10 13:04:41 - Prompted: Enter the primary DNS server (dns1, leave blank for default) Value: 
2025-06-10 13:04:41 - Prompted: Enter the secondary DNS server (dns2, leave blank for default) Value: 
2025-06-10 13:05:11 - Prompted: Enter the SessionHostPrep.ps1 script URL (sessionHostPrepScriptUrl) Value: https://raw.githubusercontent.com/andrew-kemp/CloudPAW/refs/heads/main/SessionHostPrep.ps1
2025-06-10 13:05:13 - Registration key generated (expires 2025-06-11T12:05:11Z)
2025-06-10 13:05:13 - Summary displayed
2025-06-10 13:05:30 - User chose to deploy: y
2025-06-10 13:05:30 - Starting deployment
2025-06-10 13:05:35 - Deployment command executed successfully
2025-06-10 13:05:37 - Registration key invalidated
2025-06-10 13:05:38 - Session parameters saved to vPAWconf.inf
2025-06-10 13:05:38 - Script complete
2025-06-10 13:45:53 - Script started by andrew
2025-06-10 13:45:53 - Loaded previous session config from vPAWconf.inf
2025-06-10 13:45:57 - User chose to reuse previous session config: y
2025-06-10 13:45:57 - Checking modules and Azure CLI presence
2025-06-10 13:45:59 - Already logged in to Azure CLI as andrew@kemponline.co.uk
2025-06-10 13:45:59 - Already connected to Az PowerShell as andrew@kemponline.co.uk
2025-06-10 13:45:59 - Already connected to Microsoft Graph as andrew@kemponline.co.uk
2025-06-10 13:46:04 - Using settings from vPAWconf.inf: Subscription=Microsoft Azure Sponsorship, ResourceGroup=vPAW, ...
2025-06-10 13:46:09 - Prompted: Enter the first name of the user (userFirstName):  Value: Andrew
2025-06-10 13:46:10 - Prompted: Enter the last name of the user (userLastName):  Value: Kemp
2025-06-10 13:46:16 - Prompted: Enter the user's UPN (userUPN):  Value: andrew@kemponline.co.uk
2025-06-10 13:46:18 - Prompted: Enter the admin username for the session host (adminUsername) Value: VPAW-Admin
2025-06-10 13:46:27 - Prompted: Enter the admin password for the session host (input hidden):  Value: [hidden]
2025-06-10 13:46:27 - Admin credentials entered (password not logged)
2025-06-10 13:46:29 - Prompted: Enter the primary DNS server (dns1, leave blank for default) Value: 
2025-06-10 13:46:29 - Prompted: Enter the secondary DNS server (dns2, leave blank for default) Value: 
2025-06-10 13:46:39 - Prompted: Enter the SessionHostPrep.ps1 script URL (sessionHostPrepScriptUrl) Value: https://raw.githubusercontent.com/andrew-kemp/CloudPAW/refs/heads/main/SessionHostPrep.ps1
2025-06-10 13:46:42 - Registration key generated (expires 2025-06-11T12:46:39Z)
2025-06-10 13:46:42 - Summary displayed
2025-06-10 13:47:11 - User chose to deploy: y
2025-06-10 13:47:11 - Starting deployment
2025-06-10 13:47:16 - Deployment command executed successfully
2025-06-10 13:47:18 - Registration key invalidated
2025-06-10 13:47:19 - Session parameters saved to vPAWconf.inf
2025-06-10 13:47:19 - Script complete
2025-06-10 13:52:41 - Script started by andrew
2025-06-10 13:52:41 - Loaded previous session config from vPAWconf.inf
2025-06-10 13:52:45 - User chose to reuse previous session config: 
2025-06-10 13:52:45 - Checking modules and Azure CLI presence
2025-06-10 13:52:46 - Already logged in to Azure CLI as andrew@kemponline.co.uk
2025-06-10 13:52:46 - Already connected to Az PowerShell as andrew@kemponline.co.uk
2025-06-10 13:52:46 - Already connected to Microsoft Graph as andrew@kemponline.co.uk
2025-06-10 13:56:11 - Script started by andrew
2025-06-10 13:56:11 - Loaded previous session config from vPAWconf.inf
2025-06-10 13:56:13 - User chose to reuse previous session config: y
2025-06-10 13:56:13 - Checking modules and Azure CLI presence
2025-06-10 13:56:15 - Already logged in to Azure CLI as andrew@kemponline.co.uk
2025-06-10 13:56:15 - Already connected to Az PowerShell as andrew@kemponline.co.uk
2025-06-10 13:56:15 - Already connected to Microsoft Graph as andrew@kemponline.co.uk
2025-06-10 13:58:52 - Script started by andrew
2025-06-10 13:58:52 - Loaded previous session config from vPAWconf.inf
2025-06-10 13:58:53 - User chose to reuse previous session config: y
2025-06-10 13:58:53 - Checking modules and Azure CLI presence
2025-06-10 13:58:55 - Already logged in to Azure CLI as andrew@kemponline.co.uk
2025-06-10 13:58:55 - Already connected to Az PowerShell as andrew@kemponline.co.uk
2025-06-10 13:58:55 - Already connected to Microsoft Graph as andrew@kemponline.co.uk
2025-06-10 13:59:13 - Script started by andrew
2025-06-10 13:59:13 - Loaded previous session config from vPAWconf.inf
2025-06-10 13:59:14 - User chose to reuse previous session config: y
2025-06-10 13:59:14 - Checking modules and Azure CLI presence
2025-06-10 13:59:15 - Already logged in to Azure CLI as andrew@kemponline.co.uk
2025-06-10 13:59:15 - Already connected to Az PowerShell as andrew@kemponline.co.uk
2025-06-10 13:59:15 - Already connected to Microsoft Graph as andrew@kemponline.co.uk
2025-06-10 14:00:23 - Script started by andrew
2025-06-10 14:00:23 - Loaded previous session config from vPAWconf.inf
2025-06-10 14:00:23 - User chose to reuse previous session config: y
2025-06-10 14:00:23 - Checking modules and Azure CLI presence
2025-06-10 14:00:25 - Already logged in to Azure CLI as andrew@kemponline.co.uk
2025-06-10 14:00:25 - Already connected to Az PowerShell as andrew@kemponline.co.uk
2025-06-10 14:00:25 - Already connected to Microsoft Graph as andrew@kemponline.co.uk
2025-06-10 14:03:03 - Script started by andrew
2025-06-10 14:03:03 - Loaded previous session config from vPAWconf.inf
2025-06-10 14:03:05 - User chose to reuse previous session config: y
2025-06-10 14:03:05 - Checking modules and Azure CLI presence
2025-06-10 14:03:06 - Already logged in to Azure CLI as andrew@kemponline.co.uk
2025-06-10 14:03:06 - Already connected to Az PowerShell as andrew@kemponline.co.uk
2025-06-10 14:03:06 - Already connected to Microsoft Graph as andrew@kemponline.co.uk
2025-06-10 14:03:19 - Using settings from vPAWconf.inf: Subscription=Microsoft Azure Sponsorship, ResourceGroup=vPAW, ...
2025-06-10 14:03:55 - Script started by andrew
2025-06-10 14:03:55 - Loaded previous session config from vPAWconf.inf
2025-06-10 14:03:56 - User chose to reuse previous session config: y
2025-06-10 14:03:56 - Checking modules and Azure CLI presence
2025-06-10 14:03:57 - Already logged in to Azure CLI as andrew@kemponline.co.uk
2025-06-10 14:03:57 - Already connected to Az PowerShell as andrew@kemponline.co.uk
2025-06-10 14:03:57 - Already connected to Microsoft Graph as andrew@kemponline.co.uk
2025-06-10 14:04:00 - Using settings from vPAWconf.inf: Subscription=Microsoft Azure Sponsorship, ResourceGroup=vPAW, ...
2025-06-10 14:06:21 - Script started by andrew
2025-06-10 14:06:21 - Loaded previous session config from vPAWconf.inf
2025-06-10 14:06:22 - User chose to reuse previous session config: y
2025-06-10 14:06:22 - Checking modules and Azure CLI presence
2025-06-10 14:06:23 - Already logged in to Azure CLI as andrew@kemponline.co.uk
2025-06-10 14:06:23 - Already connected to Az PowerShell as andrew@kemponline.co.uk
2025-06-10 14:06:23 - Already connected to Microsoft Graph as andrew@kemponline.co.uk
2025-06-10 14:07:34 - Script started by andrew
2025-06-10 14:07:34 - Loaded previous session config from vPAWconf.inf
2025-06-10 14:07:35 - User chose to reuse previous session config: y
2025-06-10 14:07:35 - Checking modules and Azure CLI presence
2025-06-10 14:07:37 - Already logged in to Azure CLI as andrew@kemponline.co.uk
2025-06-10 14:07:37 - Already connected to Az PowerShell as andrew@kemponline.co.uk
2025-06-10 14:07:37 - Already connected to Microsoft Graph as andrew@kemponline.co.uk
2025-06-10 14:08:09 - Script started by andrew
2025-06-10 14:08:09 - Loaded previous session config from vPAWconf.inf
2025-06-10 14:08:10 - User chose to reuse previous session config: y
2025-06-10 14:08:10 - Checking modules and Azure CLI presence
2025-06-10 14:08:11 - Already logged in to Azure CLI as andrew@kemponline.co.uk
2025-06-10 14:08:11 - Already connected to Az PowerShell as andrew@kemponline.co.uk
2025-06-10 14:08:11 - Already connected to Microsoft Graph as andrew@kemponline.co.uk
2025-06-10 14:08:35 - Using settings from vPAWconf.inf: Subscription=Microsoft Azure Sponsorship, ResourceGroup=vPAW, ...
2025-06-10 14:08:38 - Prompted: Enter the first name of the user (userFirstName):  Value: Andrew
2025-06-10 14:08:40 - Prompted: Enter the last name of the user (userLastName):  Value: Kemp
2025-06-10 14:08:45 - Prompted: Enter the user's UPN (userUPN):  Value: andrew@kemponline.co.uk
2025-06-10 14:08:47 - Prompted: Enter the admin username for the session host (adminUsername) Value: VPAW-Admin
2025-06-10 14:08:56 - Prompted: Enter the admin password for the session host (input hidden):  Value: [hidden]
2025-06-10 14:08:56 - Admin credentials entered (password not logged)
2025-06-10 14:08:58 - Prompted: Enter the primary DNS server (dns1, leave blank for default) Value: 
2025-06-10 14:08:58 - Prompted: Enter the secondary DNS server (dns2, leave blank for default) Value: 
2025-06-10 14:09:00 - Prompted: Enter the SessionHostPrep.ps1 script URL (sessionHostPrepScriptUrl) Value: https://raw.githubusercontent.com/andrew-kemp/CloudPAW/refs/heads/main/SessionHostPrep.ps1
2025-06-10 14:09:02 - Registration key generated (expires 2025-06-11T13:09:00Z)
2025-06-10 14:09:02 - Summary displayed
2025-06-10 14:09:05 - User chose to deploy: y
2025-06-10 14:09:05 - Starting deployment
2025-06-10 14:23:50 - Deployment command executed successfully
2025-06-10 14:23:53 - Registration key invalidated
2025-06-10 14:23:55 - Session parameters saved to vPAWconf.inf
2025-06-10 14:23:55 - Script complete
2025-06-10 14:41:18 - Script started by andrew
2025-06-10 14:41:18 - Loaded previous session config from vPAWconf.inf
2025-06-10 14:41:21 - User chose to reuse previous session config: y
2025-06-10 14:41:21 - Checking modules and Azure CLI presence
2025-06-10 14:41:23 - Already logged in to Azure CLI as andrew@kemponline.co.uk
2025-06-10 14:41:23 - Already connected to Az PowerShell as andrew@kemponline.co.uk
2025-06-10 14:41:23 - Already connected to Microsoft Graph as andrew@kemponline.co.uk
2025-06-10 14:41:32 - Auto-selected session host bicep file: vPAW-Deploy-SessionHost.bicep
2025-06-10 14:41:35 - Using settings from vPAWconf.inf: Subscription=Microsoft Azure Sponsorship, ResourceGroup=vPAW, ...
2025-06-10 14:41:49 - Prompted: Enter the first name of the user (userFirstName):  Value: Andrew
2025-06-10 14:41:51 - Prompted: Enter the last name of the user (userLastName):  Value: Kemp
2025-06-10 14:41:57 - Prompted: Enter the user's UPN (userUPN):  Value: andrew@kemponline.co.uk
2025-06-10 14:42:09 - Prompted: Enter the first name of the user (userFirstName):  Value: Andy
2025-06-10 14:42:11 - Prompted: Enter the last name of the user (userLastName):  Value: Kemp
2025-06-10 14:43:15 - Prompted: Enter the user's UPN (userUPN):  Value: adm_andrew.kemp@kempy.onmicrosoft.com
2025-06-10 14:43:17 - Prompted: Enter the admin username for the session host (adminUsername) Value: VPAW-Admin
2025-06-10 14:43:27 - Prompted: Enter the admin password for the session host (input hidden):  Value: [hidden]
2025-06-10 14:43:27 - Admin credentials entered (password not logged)
2025-06-10 14:43:28 - Prompted: Enter the primary DNS server (dns1, leave blank for default) Value: 
2025-06-10 14:43:28 - Prompted: Enter the secondary DNS server (dns2, leave blank for default) Value: 
2025-06-10 14:43:31 - Prompted: Enter the SessionHostPrep.ps1 script URL (sessionHostPrepScriptUrl) Value: https://raw.githubusercontent.com/andrew-kemp/CloudPAW/refs/heads/main/SessionHostPrep.ps1
2025-06-10 14:43:33 - Registration key generated (expires 2025-06-11T13:43:31Z)
2025-06-10 14:43:33 - Summary displayed
2025-06-10 14:43:38 - User chose to deploy: y
2025-06-10 14:43:38 - Deploying session host for andrew@kemponline.co.uk
2025-06-10 14:46:16 - Deployment command executed for andrew@kemponline.co.uk successfully
2025-06-10 14:50:58 - Script started by andrew
2025-06-10 14:50:58 - Loaded previous session config from vPAWconf.inf
2025-06-10 14:51:01 - User chose to reuse previous session config: y
2025-06-10 14:51:01 - Checking modules and Azure CLI presence
2025-06-10 14:51:02 - Already logged in to Azure CLI as andrew@kemponline.co.uk
2025-06-10 14:51:02 - Already connected to Az PowerShell as andrew@kemponline.co.uk
2025-06-10 14:51:02 - Already connected to Microsoft Graph as andrew@kemponline.co.uk
2025-06-10 14:51:05 - Auto-selected session host bicep file: vPAW-Deploy-SessionHost.bicep
2025-06-10 14:51:08 - Using settings from vPAWconf.inf: Subscription=Microsoft Azure Sponsorship, ResourceGroup=vPAW, ...
2025-06-10 14:51:19 - Prompted: Enter the first name of the user (userFirstName):  Value: Andrew
2025-06-10 14:51:22 - Prompted: Enter the last name of the user (userLastName):  Value: Kemp
2025-06-10 14:51:30 - Prompted: Enter the user's UPN (userUPN):  Value: andrew@kemponline.co.uk
2025-06-10 14:51:33 - Prompted: Enter the first name of the user (userFirstName):  Value: Andy
2025-06-10 14:51:34 - Prompted: Enter the last name of the user (userLastName):  Value: Kemp
2025-06-10 14:51:44 - Prompted: Enter the user's UPN (userUPN):  Value: adm_andrew.kemp@kempy.onmicrosoft.com
2025-06-10 14:51:46 - Prompted: Enter the admin username for the session host (adminUsername) Value: VPAW-Admin
2025-06-10 14:51:54 - Prompted: Enter the admin password for the session host (input hidden):  Value: [hidden]
2025-06-10 14:51:54 - Admin credentials entered (password not logged)
2025-06-10 14:51:56 - Prompted: Enter the primary DNS server (dns1, leave blank for default) Value: 
2025-06-10 14:51:57 - Prompted: Enter the secondary DNS server (dns2, leave blank for default) Value: 
2025-06-10 14:51:58 - Prompted: Enter the SessionHostPrep.ps1 script URL (sessionHostPrepScriptUrl) Value: https://raw.githubusercontent.com/andrew-kemp/CloudPAW/refs/heads/main/SessionHostPrep.ps1
2025-06-10 14:52:00 - Registration key generated (expires 2025-06-11T13:51:58Z)
2025-06-10 14:52:00 - Summary displayed
2025-06-10 14:52:06 - User chose to deploy: y
2025-06-10 14:52:06 - Deploying session host for andrew@kemponline.co.uk
2025-06-10 15:07:19 - Deployment command executed for andrew@kemponline.co.uk successfully
2025-06-10 15:07:46 - Prompted: Enter the Application Group name for host pool assignment Value: vPAW-AppGroup
2025-06-10 15:07:50 - Assigned andrew@kemponline.co.uk to vPAW-AppGroup
2025-06-10 15:07:50 - Deploying session host for adm_andrew.kemp@kempy.onmicrosoft.com
2025-06-10 15:18:36 - Script started by andrew
2025-06-10 15:18:36 - Loaded previous session config from vPAWconf.inf
2025-06-10 15:18:42 - User chose to reuse previous session config: y
2025-06-10 15:18:42 - Checking modules and Azure CLI presence
2025-06-10 15:18:44 - Already logged in to Azure CLI as andrew@kemponline.co.uk
2025-06-10 15:18:44 - Already connected to Az PowerShell as andrew@kemponline.co.uk
2025-06-10 15:18:44 - Already connected to Microsoft Graph as andrew@kemponline.co.uk
2025-06-10 15:18:47 - Auto-selected session host bicep file: vPAW-Deploy-SessionHost.bicep
2025-06-10 15:18:52 - Using settings from vPAWconf.inf: Subscription=Microsoft Azure Sponsorship, ResourceGroup=vPAW, ...
2025-06-10 15:19:02 - Prompted: Enter the first name of the user (userFirstName):  Value: Andrew
2025-06-10 15:19:09 - Prompted: Enter the last name of the user (userLastName):  Value: Kemp
2025-06-10 15:19:17 - Prompted: Enter the user's UPN (userUPN):  Value: andrew@kemponline.co.uk
2025-06-10 15:19:19 - Prompted: Enter the first name of the user (userFirstName):  Value: Andy
2025-06-10 15:19:21 - Prompted: Enter the last name of the user (userLastName):  Value: Kemp
2025-06-10 15:19:32 - Prompted: Enter the user's UPN (userUPN):  Value: adm_andrew.kemp@kempy.onmicrosoft.com
2025-06-10 15:19:34 - Prompted: Enter the admin username for the session host (adminUsername) Value: VPAW-Admin
2025-06-10 15:19:42 - Prompted: Enter the admin password for the session host (input hidden):  Value: [hidden]
2025-06-10 15:19:42 - Admin credentials entered (password not logged)
2025-06-10 15:19:44 - Prompted: Enter the primary DNS server (dns1, leave blank for default) Value: 
2025-06-10 15:19:44 - Prompted: Enter the secondary DNS server (dns2, leave blank for default) Value: 
2025-06-10 15:19:46 - Prompted: Enter the SessionHostPrep.ps1 script URL (sessionHostPrepScriptUrl) Value: https://raw.githubusercontent.com/andrew-kemp/CloudPAW/refs/heads/main/SessionHostPrep.ps1
2025-06-10 15:19:48 - Registration key generated (expires 2025-06-11T14:19:46Z)
2025-06-10 15:19:48 - Summary displayed
2025-06-10 15:19:52 - User chose to deploy: y
2025-06-10 15:19:52 - Deploying session host for andrew@kemponline.co.uk
2025-06-10 15:34:34 - Deployment command executed for andrew@kemponline.co.uk successfully
2025-06-10 15:34:34 - Deploying session host for adm_andrew.kemp@kempy.onmicrosoft.com
2025-06-10 15:49:26 - Deployment command executed for adm_andrew.kemp@kempy.onmicrosoft.com successfully
2025-06-10 15:49:30 - Assigned andrew@kemponline.co.uk to session host vPAW-AndrewKemp
2025-06-10 15:49:33 - Assigned adm_andrew.kemp@kempy.onmicrosoft.com to session host vPAW-AndyKemp
2025-06-10 15:49:35 - Registration key invalidated
2025-06-10 15:49:38 - Session parameters saved to vPAWconf.inf
2025-06-10 15:49:38 - Script complete
2025-06-10 15:56:18 - Script started by andrew
2025-06-10 15:56:18 - Loaded previous session config from vPAWconf.inf
2025-06-10 15:56:19 - User chose to reuse previous session config: y
2025-06-10 15:56:19 - Checking modules and Azure CLI presence
2025-06-10 15:56:21 - Already logged in to Azure CLI as andrew@kemponline.co.uk
2025-06-10 15:56:21 - Already connected to Az PowerShell as andrew@kemponline.co.uk
2025-06-10 15:56:21 - Already connected to Microsoft Graph as andrew@kemponline.co.uk
2025-06-10 15:56:24 - User manually selected bicep file: vPAW-CoreInfra.Bicep
2025-06-10 15:56:28 - Using settings from vPAWconf.inf: Subscription=Microsoft Azure Sponsorship, ResourceGroup=vPAW, ...
2025-06-10 15:56:35 - Prompted: Enter the first name of the user (userFirstName):  Value: Andrew
2025-06-10 15:56:36 - Prompted: Enter the last name of the user (userLastName):  Value: Kemp
2025-06-10 15:56:46 - Prompted: Enter the user's UPN (userUPN):  Value: andrew@kemponline.co.uk
2025-06-10 15:56:48 - Prompted: Enter the first name of the user (userFirstName):  Value: Andy
2025-06-10 15:56:49 - Prompted: Enter the last name of the user (userLastName):  Value: Kemp
2025-06-10 15:56:59 - Prompted: Enter the user's UPN (userUPN):  Value: adm_andrew.kemp@kempy.onmicrosoft.com
2025-06-10 15:57:03 - Prompted: Enter the admin username for the session host (adminUsername) Value: VPAW-Admin
2025-06-10 15:57:12 - Prompted: Enter the admin password for the session host (input hidden):  Value: [hidden]
2025-06-10 15:57:12 - Admin credentials entered (password not logged)
2025-06-10 15:57:13 - Prompted: Enter the primary DNS server (dns1, leave blank for default) Value: 
2025-06-10 15:57:13 - Prompted: Enter the secondary DNS server (dns2, leave blank for default) Value: 
2025-06-10 15:57:14 - Prompted: Enter the SessionHostPrep.ps1 script URL (sessionHostPrepScriptUrl) Value: https://raw.githubusercontent.com/andrew-kemp/CloudPAW/refs/heads/main/SessionHostPrep.ps1
2025-06-10 15:57:16 - Registration key generated (expires 2025-06-11T14:57:14Z)
2025-06-10 15:57:17 - Summary displayed
2025-06-10 15:57:29 - User chose to deploy: y
2025-06-10 15:57:29 - Deploying session host for andrew@kemponline.co.uk
2025-06-10 15:57:34 - Deployment command executed for andrew@kemponline.co.uk successfully
2025-06-10 15:57:34 - Deploying session host for adm_andrew.kemp@kempy.onmicrosoft.com
2025-06-10 15:57:39 - Deployment command executed for adm_andrew.kemp@kempy.onmicrosoft.com successfully
2025-06-10 15:57:46 - Assigned andrew@kemponline.co.uk to session host vPAW-AndrewKemp
2025-06-10 15:57:49 - Assigned adm_andrew.kemp@kempy.onmicrosoft.com to session host vPAW-AndyKemp
2025-06-10 15:58:01 - Failed to add andrew@kemponline.co.uk to vPAW Users group: The term 'Add-MgGroupMember' is not recognized as the name of a cmdlet, function, script file, or operable program. Check the spelling of the name, or if a path was included, verify that the path is correct and try again.
2025-06-10 15:58:01 - Failed to add adm_andrew.kemp@kempy.onmicrosoft.com to vPAW Users group: The term 'Add-MgGroupMember' is not recognized as the name of a cmdlet, function, script file, or operable program. Check the spelling of the name, or if a path was included, verify that the path is correct and try again.
2025-06-10 16:04:27 - Script started by andrew
2025-06-10 16:04:27 - Loaded previous session config from vPAWconf.inf
2025-06-10 16:04:29 - User chose to reuse previous session config: y
2025-06-10 16:04:29 - Checking modules and Azure CLI presence
2025-06-10 16:04:30 - Already logged in to Azure CLI as andrew@kemponline.co.uk
2025-06-10 16:04:30 - Already connected to Az PowerShell as andrew@kemponline.co.uk
2025-06-10 16:04:30 - Already connected to Microsoft Graph as andrew@kemponline.co.uk
2025-06-10 16:04:38 - User manually selected bicep file: vPAW-CoreInfra.Bicep
2025-06-10 16:04:42 - Using settings from vPAWconf.inf: Subscription=Microsoft Azure Sponsorship, ResourceGroup=vPAW, ...
2025-06-10 16:04:48 - Prompted: Enter the first name of the user (userFirstName):  Value: Andrew
2025-06-10 16:04:50 - Prompted: Enter the last name of the user (userLastName):  Value: Kemp
2025-06-10 16:04:57 - Prompted: Enter the user's UPN (userUPN):  Value: andrew@kemponline.co.uk
2025-06-10 16:05:00 - Prompted: Enter the first name of the user (userFirstName):  Value: Andy
2025-06-10 16:05:01 - Prompted: Enter the last name of the user (userLastName):  Value: Kemp
2025-06-10 16:05:14 - Prompted: Enter the user's UPN (userUPN):  Value: adm_andrew.kemp@kempy.onmicrosoft.com
2025-06-10 16:05:16 - Prompted: Enter the admin username for the session host (adminUsername) Value: VPAW-Admin
2025-06-10 16:05:24 - Prompted: Enter the admin password for the session host (input hidden):  Value: [hidden]
2025-06-10 16:05:24 - Admin credentials entered (password not logged)
2025-06-10 16:05:25 - Prompted: Enter the primary DNS server (dns1, leave blank for default) Value: 
2025-06-10 16:05:25 - Prompted: Enter the secondary DNS server (dns2, leave blank for default) Value: 
2025-06-10 16:05:26 - Prompted: Enter the SessionHostPrep.ps1 script URL (sessionHostPrepScriptUrl) Value: https://raw.githubusercontent.com/andrew-kemp/CloudPAW/refs/heads/main/SessionHostPrep.ps1
2025-06-10 16:05:28 - Registration key generated (expires 2025-06-11T15:05:26Z)
2025-06-10 16:05:28 - Summary displayed
2025-06-10 16:05:39 - User chose to deploy: y
2025-06-10 16:05:39 - Deploying session host for andrew@kemponline.co.uk
2025-06-10 16:05:43 - Deployment command executed for andrew@kemponline.co.uk successfully
2025-06-10 16:05:43 - Deploying session host for adm_andrew.kemp@kempy.onmicrosoft.com
2025-06-10 16:05:48 - Deployment command executed for adm_andrew.kemp@kempy.onmicrosoft.com successfully
2025-06-10 16:05:55 - Assigned andrew@kemponline.co.uk to session host vPAW-AndrewKemp
2025-06-10 16:05:59 - Assigned adm_andrew.kemp@kempy.onmicrosoft.com to session host vPAW-AndyKemp
2025-06-10 16:06:03 - Failed to add andrew@kemponline.co.uk to vPAW Users group: The term 'Add-MgGroupMember' is not recognized as the name of a cmdlet, function, script file, or operable program. Check the spelling of the name, or if a path was included, verify that the path is correct and try again.
2025-06-10 16:06:03 - Failed to add adm_andrew.kemp@kempy.onmicrosoft.com to vPAW Users group: The term 'Add-MgGroupMember' is not recognized as the name of a cmdlet, function, script file, or operable program. Check the spelling of the name, or if a path was included, verify that the path is correct and try again.
2025-06-10 16:06:05 - Host pool registration key invalidated
2025-06-10 16:06:05 - Session parameters saved to vPAWconf.inf
2025-06-10 16:06:05 - Workflow completed
2025-06-10 16:19:42 - Script started by andrew
2025-06-10 16:19:42 - Loaded previous session config from vPAWconf.inf
2025-06-10 16:24:37 - Script started by andrew
2025-06-10 16:24:37 - Loaded previous session config from vPAWconf.inf
2025-06-10 16:24:40 - User chose to reuse previous session config: y
2025-06-10 16:24:40 - Checking modules and Azure CLI presence
2025-06-10 16:24:43 - Already logged in to Azure CLI as andrew@kemponline.co.uk
2025-06-10 16:24:43 - Already connected to Az PowerShell as andrew@kemponline.co.uk
2025-06-10 16:24:43 - Already connected to Microsoft Graph as andrew@kemponline.co.uk
2025-06-10 16:24:50 - Auto-selected session host bicep file: vPAW-Deploy-SessionHost.bicep
2025-06-10 16:24:53 - Using settings from vPAWconf.inf: Subscription=Microsoft Azure Sponsorship, ResourceGroup=vPAW, ...
2025-06-10 16:25:00 - Prompted: Enter the first name of the user (userFirstName):  Value: Andrew Kemp
2025-06-10 16:25:03 - Script started by andrew
2025-06-10 16:25:03 - Loaded previous session config from vPAWconf.inf
2025-06-10 16:25:04 - User chose to reuse previous session config: y
2025-06-10 16:25:04 - Checking modules and Azure CLI presence
2025-06-10 16:25:05 - Already logged in to Azure CLI as andrew@kemponline.co.uk
2025-06-10 16:25:05 - Already connected to Az PowerShell as andrew@kemponline.co.uk
2025-06-10 16:25:05 - Already connected to Microsoft Graph as andrew@kemponline.co.uk
2025-06-10 16:25:06 - Auto-selected session host bicep file: vPAW-Deploy-SessionHost.bicep
2025-06-10 16:25:08 - Using settings from vPAWconf.inf: Subscription=Microsoft Azure Sponsorship, ResourceGroup=vPAW, ...
2025-06-10 16:25:12 - Prompted: Enter the first name of the user (userFirstName):  Value: Andrew
2025-06-10 16:25:14 - Prompted: Enter the last name of the user (userLastName):  Value: Kemp
2025-06-10 16:25:21 - Prompted: Enter the user's UPN (userUPN):  Value: andrew@kemponline.co.uk
2025-06-10 16:25:23 - Prompted: Enter the first name of the user (userFirstName):  Value: Andy
2025-06-10 16:25:24 - Prompted: Enter the last name of the user (userLastName):  Value: Kemp
2025-06-10 16:25:33 - Prompted: Enter the user's UPN (userUPN):  Value: adm_andrew.kemp@kempy.onmicrosoft.com
2025-06-10 16:25:35 - Prompted: Enter the admin username for the session host (adminUsername) Value: VPAW-Admin
2025-06-10 16:25:44 - Prompted: Enter the admin password for the session host (input hidden):  Value: [hidden]
2025-06-10 16:25:44 - Admin credentials entered (password not logged)
2025-06-10 16:25:46 - Prompted: Enter the primary DNS server (dns1, leave blank for default) Value: 
2025-06-10 16:25:47 - Prompted: Enter the secondary DNS server (dns2, leave blank for default) Value: 
2025-06-10 16:25:48 - Prompted: Enter the SessionHostPrep.ps1 script URL (sessionHostPrepScriptUrl) Value: https://raw.githubusercontent.com/andrew-kemp/CloudPAW/refs/heads/main/SessionHostPrep.ps1
2025-06-10 16:25:51 - Registration key generated (expires 2025-06-11T15:25:48Z)
2025-06-10 16:25:51 - Summary displayed
2025-06-10 16:25:57 - User chose to deploy: y
2025-06-10 16:25:59 - Session host VM 'vPAW-AndrewKemp' already exists. Skipping Bicep deployment.
2025-06-10 16:26:01 - Session host VM 'vPAW-AndyKemp' already exists. Skipping Bicep deployment.
2025-06-10 16:26:02 - Assigned andrew@kemponline.co.uk to session host vPAW-AndrewKemp using Update-AzWvdSessionHost
2025-06-10 16:26:03 - Assigned adm_andrew.kemp@kempy.onmicrosoft.com to session host vPAW-AndyKemp using Update-AzWvdSessionHost
2025-06-10 16:26:09 - Failed to add andrew@kemponline.co.uk to vPAW Users group: The term 'Add-MgGroupMember' is not recognized as the name of a cmdlet, function, script file, or operable program. Check the spelling of the name, or if a path was included, verify that the path is correct and try again.
2025-06-10 16:26:09 - Failed to add adm_andrew.kemp@kempy.onmicrosoft.com to vPAW Users group: The term 'Add-MgGroupMember' is not recognized as the name of a cmdlet, function, script file, or operable program. Check the spelling of the name, or if a path was included, verify that the path is correct and try again.
2025-06-10 16:26:11 - Host pool registration key invalidated
2025-06-10 16:26:11 - Session parameters saved to vPAWconf.inf
2025-06-10 16:26:11 - Workflow completed
2025-06-10 16:34:29 - Script started by andrew
2025-06-10 16:34:29 - Loaded previous session config from vPAWconf.inf
2025-06-10 16:34:30 - User chose to reuse previous session config: y
2025-06-10 16:34:30 - Checking modules and Azure CLI presence
2025-06-10 16:34:35 - Already logged in to Azure CLI as andrew@kemponline.co.uk
2025-06-10 16:34:35 - Already connected to Az PowerShell as andrew@kemponline.co.uk
2025-06-10 16:34:35 - Already connected to Microsoft Graph as andrew@kemponline.co.uk
2025-06-10 16:34:55 - User manually selected bicep file: vPAW-CoreInfra.Bicep
2025-06-10 16:34:58 - Using settings from vPAWconf.inf: Subscription=Microsoft Azure Sponsorship, ResourceGroup=vPAW, ...
2025-06-10 16:35:06 - Prompted: Enter the first name of the user (userFirstName):  Value: Andrew
2025-06-10 16:35:08 - Prompted: Enter the last name of the user (userLastName):  Value: Kemp
2025-06-10 16:35:18 - Prompted: Enter the user's UPN (userUPN):  Value: andrew@kemponline.co.uk
2025-06-10 16:35:21 - Prompted: Enter the first name of the user (userFirstName):  Value: Andy
2025-06-10 16:35:22 - Prompted: Enter the last name of the user (userLastName):  Value: Kemp
2025-06-10 16:35:34 - Prompted: Enter the user's UPN (userUPN):  Value: adm_andrew.kemp@kempy.onmicrosoft.com
2025-06-10 16:35:36 - Prompted: Enter the admin username for the session host (adminUsername) Value: VPAW-Admin
2025-06-10 16:35:45 - Prompted: Enter the admin password for the session host (input hidden):  Value: [hidden]
2025-06-10 16:35:45 - Admin credentials entered (password not logged)
2025-06-10 16:35:46 - Prompted: Enter the primary DNS server (dns1, leave blank for default) Value: 
2025-06-10 16:35:46 - Prompted: Enter the secondary DNS server (dns2, leave blank for default) Value: 
2025-06-10 16:35:47 - Prompted: Enter the SessionHostPrep.ps1 script URL (sessionHostPrepScriptUrl) Value: https://raw.githubusercontent.com/andrew-kemp/CloudPAW/refs/heads/main/SessionHostPrep.ps1
2025-06-10 16:35:49 - Registration key generated (expires 2025-06-11T15:35:47Z)
2025-06-10 16:35:49 - Summary displayed
2025-06-10 16:36:00 - User chose to deploy: y
2025-06-10 16:36:02 - Session host VM 'vPAW-AndrewKemp' already exists. Skipping Bicep deployment.
2025-06-10 16:36:04 - Session host VM 'vPAW-AndyKemp' already exists. Skipping Bicep deployment.
2025-06-10 16:36:04 - Assigned andrew@kemponline.co.uk to session host vPAW-AndrewKemp using Update-AzWvdSessionHost
2025-06-10 16:36:05 - Assigned adm_andrew.kemp@kempy.onmicrosoft.com to session host vPAW-AndyKemp using Update-AzWvdSessionHost
2025-06-10 16:36:08 - Failed to add andrew@kemponline.co.uk to vPAW Users group: The term 'Add-MgGroupMember' is not recognized as the name of a cmdlet, function, script file, or operable program. Check the spelling of the name, or if a path was included, verify that the path is correct and try again.
2025-06-10 16:36:08 - Failed to add adm_andrew.kemp@kempy.onmicrosoft.com to vPAW Users group: The term 'Add-MgGroupMember' is not recognized as the name of a cmdlet, function, script file, or operable program. Check the spelling of the name, or if a path was included, verify that the path is correct and try again.
2025-06-10 16:36:10 - Host pool registration key invalidated
2025-06-10 16:36:10 - Session parameters saved to vPAWconf.inf
2025-06-10 16:36:10 - Workflow completed
2025-06-10 16:46:25 - Script started by andrew
2025-06-10 16:46:25 - Loaded previous session config from vPAWconf.inf
2025-06-10 16:46:26 - User chose to reuse previous session config: y
2025-06-10 16:46:26 - Checking modules and Azure CLI presence
2025-06-10 16:46:30 - Already logged in to Azure CLI as andrew@kemponline.co.uk
2025-06-10 16:46:30 - Already connected to Az PowerShell as andrew@kemponline.co.uk
2025-06-10 16:46:30 - Already connected to Microsoft Graph as andrew@kemponline.co.uk
2025-06-10 16:46:34 - Auto-selected session host bicep file: vPAW-Deploy-SessionHost.bicep
2025-06-10 16:46:38 - Using settings from vPAWconf.inf: Subscription=Microsoft Azure Sponsorship, ResourceGroup=vPAW, ...
2025-06-10 16:49:21 - Prompted: Enter the first name of the user (userFirstName):  Value: Andrew
2025-06-10 16:49:23 - Prompted: Enter the last name of the user (userLastName):  Value: Kemp
2025-06-10 16:49:27 - Prompted: Enter the user's UPN (userUPN):  Value: andrew@kemponline.co.uk
2025-06-10 16:49:29 - Prompted: Enter the first name of the user (userFirstName):  Value: Andy
2025-06-10 16:49:30 - Prompted: Enter the last name of the user (userLastName):  Value: Kemp
2025-06-10 16:49:45 - Prompted: Enter the user's UPN (userUPN):  Value: adm_andrew.kemp@kempy.onmicrosoft.com
2025-06-10 16:49:47 - Prompted: Enter the admin username for the session host (adminUsername) Value: VPAW-Admin
2025-06-10 16:49:55 - Prompted: Enter the admin password for the session host (input hidden):  Value: [hidden]
2025-06-10 16:49:55 - Admin credentials entered (password not logged)
2025-06-10 16:49:56 - Prompted: Enter the primary DNS server (dns1, leave blank for default) Value: 
2025-06-10 16:49:56 - Prompted: Enter the secondary DNS server (dns2, leave blank for default) Value: 
2025-06-10 16:49:57 - Prompted: Enter the SessionHostPrep.ps1 script URL (sessionHostPrepScriptUrl) Value: https://raw.githubusercontent.com/andrew-kemp/CloudPAW/refs/heads/main/SessionHostPrep.ps1
2025-06-10 16:49:59 - Registration key generated (expires 2025-06-11T15:49:57Z)
2025-06-10 16:49:59 - Summary displayed
2025-06-10 16:50:04 - User chose to deploy: y
2025-06-10 16:50:06 - Session host VM 'vPAW-AndrewKemp' already exists. Skipping Bicep deployment.
2025-06-10 16:50:08 - Session host VM 'vPAW-AndyKemp' already exists. Skipping Bicep deployment.
2025-06-10 16:50:08 - Assigned andrew@kemponline.co.uk to session host vPAW-AndrewKemp using Update-AzWvdSessionHost
2025-06-10 16:50:08 - Assigned adm_andrew.kemp@kempy.onmicrosoft.com to session host vPAW-AndyKemp using Update-AzWvdSessionHost
2025-06-10 16:50:13 - Failed to add andrew@kemponline.co.uk to vPAW Users group: The term 'Add-MgGroupMember' is not recognized as the name of a cmdlet, function, script file, or operable program. Check the spelling of the name, or if a path was included, verify that the path is correct and try again.
2025-06-10 16:50:13 - Failed to add adm_andrew.kemp@kempy.onmicrosoft.com to vPAW Users group: The term 'Add-MgGroupMember' is not recognized as the name of a cmdlet, function, script file, or operable program. Check the spelling of the name, or if a path was included, verify that the path is correct and try again.
2025-06-10 16:50:19 - Device extension attributes set for all devices with displayName starting with 'vPAW'
2025-06-10 16:50:21 - Host pool registration key invalidated
2025-06-10 16:50:21 - Session parameters saved to vPAWconf.inf
2025-06-10 16:50:21 - Workflow completed
2025-06-10 16:51:02 - Script started by andrew
2025-06-10 16:51:02 - Loaded previous session config from vPAWconf.inf
2025-06-10 16:51:04 - User chose to reuse previous session config: y
2025-06-10 16:51:04 - Checking modules and Azure CLI presence
2025-06-10 16:51:07 - Already logged in to Azure CLI as andrew@kemponline.co.uk
2025-06-10 16:51:07 - Already connected to Az PowerShell as andrew@kemponline.co.uk
2025-06-10 16:51:07 - Already connected to Microsoft Graph as andrew@kemponline.co.uk
2025-06-10 16:51:10 - User manually selected bicep file: vPAW-CoreInfra.Bicep
2025-06-10 16:51:12 - Using settings from vPAWconf.inf: Subscription=Microsoft Azure Sponsorship, ResourceGroup=vPAW, ...
2025-06-10 16:51:20 - Prompted: Enter the first name of the user (userFirstName):  Value: Andrew
2025-06-10 16:51:22 - Prompted: Enter the last name of the user (userLastName):  Value: Kemp
2025-06-10 16:51:28 - Prompted: Enter the user's UPN (userUPN):  Value: andrew@kemponline.co.uk
2025-06-10 16:51:35 - Prompted: Enter the first name of the user (userFirstName):  Value: Andy
2025-06-10 16:51:37 - Prompted: Enter the last name of the user (userLastName):  Value: Kemp
2025-06-10 16:51:50 - Prompted: Enter the user's UPN (userUPN):  Value: adm_andrew.kemp@kempy.onmicrosoft.com
2025-06-10 16:51:51 - Prompted: Enter the admin username for the session host (adminUsername) Value: VPAW-Admin
2025-06-10 16:51:59 - Prompted: Enter the admin password for the session host (input hidden):  Value: [hidden]
2025-06-10 16:51:59 - Admin credentials entered (password not logged)
2025-06-10 16:52:01 - Prompted: Enter the primary DNS server (dns1, leave blank for default) Value: 
2025-06-10 16:52:02 - Prompted: Enter the secondary DNS server (dns2, leave blank for default) Value: 
2025-06-10 16:52:03 - Prompted: Enter the SessionHostPrep.ps1 script URL (sessionHostPrepScriptUrl) Value: https://raw.githubusercontent.com/andrew-kemp/CloudPAW/refs/heads/main/SessionHostPrep.ps1
2025-06-10 16:52:04 - Registration key generated (expires 2025-06-11T15:52:03Z)
2025-06-10 16:52:05 - Summary displayed
2025-06-10 16:52:10 - User chose to deploy: y
2025-06-10 16:52:12 - Session host VM 'vPAW-AndrewKemp' already exists. Skipping Bicep deployment.
2025-06-10 16:52:13 - Session host VM 'vPAW-AndyKemp' already exists. Skipping Bicep deployment.
2025-06-10 16:52:14 - Assigned andrew@kemponline.co.uk to session host vPAW-AndrewKemp using Update-AzWvdSessionHost
2025-06-10 16:52:14 - Assigned adm_andrew.kemp@kempy.onmicrosoft.com to session host vPAW-AndyKemp using Update-AzWvdSessionHost
2025-06-10 16:52:28 - Failed to add andrew@kemponline.co.uk to vPAW Users group: The term 'Add-MgGroupMember' is not recognized as the name of a cmdlet, function, script file, or operable program. Check the spelling of the name, or if a path was included, verify that the path is correct and try again.
2025-06-10 16:52:28 - Failed to add adm_andrew.kemp@kempy.onmicrosoft.com to vPAW Users group: The term 'Add-MgGroupMember' is not recognized as the name of a cmdlet, function, script file, or operable program. Check the spelling of the name, or if a path was included, verify that the path is correct and try again.
2025-06-10 16:52:31 - Device extension attributes set for all devices with displayName starting with 'vPAW'
2025-06-10 16:52:33 - Host pool registration key invalidated
2025-06-10 16:52:33 - Session parameters saved to vPAWconf.inf
2025-06-10 16:52:33 - Workflow completed
2025-06-10 16:55:47 - Script started by andrew
2025-06-10 16:55:47 - Loaded previous session config from vPAWconf.inf
2025-06-10 16:55:48 - User chose to reuse previous session config: y
2025-06-10 16:55:48 - Checking modules and Azure CLI presence
2025-06-10 16:55:55 - Already logged in to Azure CLI as andrew@kemponline.co.uk
2025-06-10 16:55:55 - Already connected to Az PowerShell as andrew@kemponline.co.uk
2025-06-10 16:55:55 - Already connected to Microsoft Graph as andrew@kemponline.co.uk
2025-06-10 16:55:56 - Auto-selected session host bicep file: vPAW-Deploy-SessionHost.bicep
2025-06-10 16:55:59 - Using settings from vPAWconf.inf: Subscription=Microsoft Azure Sponsorship, ResourceGroup=vPAW, ...
2025-06-10 16:56:04 - Prompted: Enter the first name of the user (userFirstName):  Value: Andrew
2025-06-10 16:56:05 - Prompted: Enter the last name of the user (userLastName):  Value: Kemp
2025-06-10 16:56:13 - Prompted: Enter the user's UPN (userUPN):  Value: andrew@kemponline.co.uk
2025-06-10 16:56:16 - Prompted: Enter the first name of the user (userFirstName):  Value: Andy
2025-06-10 16:56:18 - Prompted: Enter the last name of the user (userLastName):  Value: Kemp
2025-06-10 16:56:29 - Prompted: Enter the user's UPN (userUPN):  Value: adm_andrew.kemp@kempy.onmicrosoft.com
2025-06-10 16:56:31 - Prompted: Enter the admin username for the session host (adminUsername) Value: VPAW-Admin
2025-06-10 16:56:38 - Prompted: Enter the admin password for the session host (input hidden):  Value: [hidden]
2025-06-10 16:56:38 - Admin credentials entered (password not logged)
2025-06-10 16:56:39 - Prompted: Enter the primary DNS server (dns1, leave blank for default) Value: 
2025-06-10 16:56:39 - Prompted: Enter the secondary DNS server (dns2, leave blank for default) Value: 
2025-06-10 16:56:40 - Prompted: Enter the SessionHostPrep.ps1 script URL (sessionHostPrepScriptUrl) Value: https://raw.githubusercontent.com/andrew-kemp/CloudPAW/refs/heads/main/SessionHostPrep.ps1
2025-06-10 16:56:42 - Registration key generated (expires 2025-06-11T15:56:40Z)
2025-06-10 16:56:42 - Summary displayed
2025-06-10 16:56:48 - User chose to deploy: y
2025-06-10 16:56:49 - Session host VM 'vPAW-AndrewKemp' already exists. Skipping Bicep deployment.
2025-06-10 16:56:51 - Session host VM 'vPAW-AndyKemp' already exists. Skipping Bicep deployment.
2025-06-10 16:56:51 - Assigned andrew@kemponline.co.uk to session host vPAW-AndrewKemp using Update-AzWvdSessionHost
2025-06-10 16:56:52 - Assigned adm_andrew.kemp@kempy.onmicrosoft.com to session host vPAW-AndyKemp using Update-AzWvdSessionHost
2025-06-10 16:56:55 - Failed to add andrew@kemponline.co.uk to vPAW Users group: Cannot bind argument to parameter 'TargetGroupObjectId' because it is an empty string.
2025-06-10 16:56:55 - Failed to add adm_andrew.kemp@kempy.onmicrosoft.com to vPAW Users group: Cannot bind argument to parameter 'TargetGroupObjectId' because it is an empty string.
2025-06-10 16:56:58 - Device extension attributes set for all devices with displayName starting with 'vPAW'
2025-06-10 16:57:00 - Host pool registration key invalidated
2025-06-10 16:57:00 - Session parameters saved to vPAWconf.inf
2025-06-10 16:57:00 - Workflow completed
2025-06-10 17:00:09 - Script started by andrew
2025-06-10 17:00:09 - Loaded previous session config from vPAWconf.inf
2025-06-10 17:00:10 - User chose to reuse previous session config: y
2025-06-10 17:00:10 - Checking modules and Azure CLI presence
2025-06-10 17:00:13 - Already logged in to Azure CLI as andrew@kemponline.co.uk
2025-06-10 17:00:13 - Already connected to Az PowerShell as andrew@kemponline.co.uk
2025-06-10 17:00:13 - Already connected to Microsoft Graph as andrew@kemponline.co.uk
2025-06-10 17:00:16 - User manually selected bicep file: vPAW-CoreInfra.Bicep
2025-06-10 17:00:19 - Using settings from vPAWconf.inf: Subscription=Microsoft Azure Sponsorship, ResourceGroup=vPAW, ...
2025-06-10 17:00:24 - Prompted: Enter the first name of the user (userFirstName):  Value: Andrew
2025-06-10 17:00:25 - Prompted: Enter the last name of the user (userLastName):  Value: Kemp
2025-06-10 17:00:30 - Prompted: Enter the user's UPN (userUPN):  Value: andrew@kemponline.co.uk
2025-06-10 17:00:32 - Prompted: Enter the first name of the user (userFirstName):  Value: Andy
2025-06-10 17:00:34 - Prompted: Enter the last name of the user (userLastName):  Value: Kemp
2025-06-10 17:00:43 - Prompted: Enter the user's UPN (userUPN):  Value: adm_andrew.kemp@kempy.onmicrosoft.com
2025-06-10 17:00:44 - Prompted: Enter the admin username for the session host (adminUsername) Value: VPAW-Admin
2025-06-10 17:00:53 - Prompted: Enter the admin password for the session host (input hidden):  Value: [hidden]
2025-06-10 17:00:53 - Admin credentials entered (password not logged)
2025-06-10 17:00:55 - Prompted: Enter the primary DNS server (dns1, leave blank for default) Value: 
2025-06-10 17:00:56 - Prompted: Enter the secondary DNS server (dns2, leave blank for default) Value: 
2025-06-10 17:00:56 - Prompted: Enter the SessionHostPrep.ps1 script URL (sessionHostPrepScriptUrl) Value: https://raw.githubusercontent.com/andrew-kemp/CloudPAW/refs/heads/main/SessionHostPrep.ps1
2025-06-10 17:00:58 - Registration key generated (expires 2025-06-11T16:00:56Z)
2025-06-10 17:00:58 - Summary displayed
2025-06-10 17:01:03 - User chose to deploy: y
2025-06-10 17:01:05 - Session host VM 'vPAW-AndrewKemp' already exists. Skipping Bicep deployment.
2025-06-10 17:01:07 - Session host VM 'vPAW-AndyKemp' already exists. Skipping Bicep deployment.
2025-06-10 17:01:07 - Assigned andrew@kemponline.co.uk to session host vPAW-AndrewKemp using Update-AzWvdSessionHost
2025-06-10 17:01:07 - Assigned adm_andrew.kemp@kempy.onmicrosoft.com to session host vPAW-AndyKemp using Update-AzWvdSessionHost
2025-06-10 17:01:11 - Failed to add andrew@kemponline.co.uk to vPAW Users group: The term 'Add-MgGroupMember' is not recognized as the name of a cmdlet, function, script file, or operable program. Check the spelling of the name, or if a path was included, verify that the path is correct and try again.
2025-06-10 17:01:11 - Failed to add adm_andrew.kemp@kempy.onmicrosoft.com to vPAW Users group: The term 'Add-MgGroupMember' is not recognized as the name of a cmdlet, function, script file, or operable program. Check the spelling of the name, or if a path was included, verify that the path is correct and try again.
2025-06-10 17:01:14 - Device extension attributes set for all devices with displayName starting with 'vPAW'
2025-06-10 17:01:16 - Host pool registration key invalidated
2025-06-10 17:01:16 - Session parameters saved to vPAWconf.inf
2025-06-10 17:01:16 - Workflow completed
2025-06-10 17:03:08 - Script started by andrew
2025-06-10 17:03:08 - Loaded previous session config from vPAWconf.inf
2025-06-10 17:03:09 - User chose to reuse previous session config: y
2025-06-10 17:03:09 - Checking modules and Azure CLI presence
2025-06-10 17:03:13 - Already logged in to Azure CLI as andrew@kemponline.co.uk
2025-06-10 17:03:13 - Already connected to Az PowerShell as andrew@kemponline.co.uk
2025-06-10 17:03:13 - Already connected to Microsoft Graph as andrew@kemponline.co.uk
2025-06-10 17:03:14 - Auto-selected session host bicep file: vPAW-Deploy-SessionHost.bicep
2025-06-10 17:03:16 - Using settings from vPAWconf.inf: Subscription=Microsoft Azure Sponsorship, ResourceGroup=vPAW, ...
2025-06-10 17:03:21 - Prompted: Enter the first name of the user (userFirstName):  Value: Andrew
2025-06-10 17:03:23 - Prompted: Enter the last name of the user (userLastName):  Value: Kemp
2025-06-10 17:03:31 - Prompted: Enter the user's UPN (userUPN):  Value: andrew@kemponline.co.uk
2025-06-10 17:03:33 - Prompted: Enter the first name of the user (userFirstName):  Value: Andy
2025-06-10 17:03:34 - Prompted: Enter the last name of the user (userLastName):  Value: Kemp
2025-06-10 17:03:42 - Prompted: Enter the user's UPN (userUPN):  Value: adm_andrew.kemp@kempy.onmicrosoft.com
2025-06-10 17:03:44 - Prompted: Enter the admin username for the session host (adminUsername) Value: VPAW-Admin
2025-06-10 17:03:51 - Prompted: Enter the admin password for the session host (input hidden):  Value: [hidden]
2025-06-10 17:03:51 - Admin credentials entered (password not logged)
2025-06-10 17:03:51 - Prompted: Enter the primary DNS server (dns1, leave blank for default) Value: 
2025-06-10 17:03:52 - Prompted: Enter the secondary DNS server (dns2, leave blank for default) Value: 
2025-06-10 17:03:53 - Prompted: Enter the SessionHostPrep.ps1 script URL (sessionHostPrepScriptUrl) Value: https://raw.githubusercontent.com/andrew-kemp/CloudPAW/refs/heads/main/SessionHostPrep.ps1
2025-06-10 17:03:55 - Registration key generated (expires 2025-06-11T16:03:53Z)
2025-06-10 17:03:55 - Summary displayed
2025-06-10 17:04:04 - User chose to deploy: y
2025-06-10 17:04:06 - Session host VM 'vPAW-AndrewKemp' already exists. Skipping Bicep deployment.
2025-06-10 17:04:08 - Session host VM 'vPAW-AndyKemp' already exists. Skipping Bicep deployment.
2025-06-10 17:04:08 - Assigned andrew@kemponline.co.uk to session host vPAW-AndrewKemp using Update-AzWvdSessionHost
2025-06-10 17:04:08 - Assigned adm_andrew.kemp@kempy.onmicrosoft.com to session host vPAW-AndyKemp using Update-AzWvdSessionHost
2025-06-10 17:04:12 - Failed to add andrew@kemponline.co.uk to vPAW Users group: Cannot bind argument to parameter 'GroupId' because it is an empty string.
2025-06-10 17:04:12 - Failed to add adm_andrew.kemp@kempy.onmicrosoft.com to vPAW Users group: Cannot bind argument to parameter 'GroupId' because it is an empty string.
2025-06-10 17:04:15 - Device extension attributes set for all devices with displayName starting with 'vPAW'
2025-06-10 17:04:17 - Host pool registration key invalidated
2025-06-10 17:04:17 - Session parameters saved to vPAWconf.inf
2025-06-10 17:04:17 - Workflow completed
2025-06-10 17:07:21 - Script started by andrew
2025-06-10 17:07:21 - Loaded previous session config from vPAWconf.inf
2025-06-10 17:07:25 - User chose to reuse previous session config: y
2025-06-10 17:07:25 - Checking modules and Azure CLI presence
2025-06-10 17:07:28 - Already logged in to Azure CLI as andrew@kemponline.co.uk
2025-06-10 17:07:28 - Already connected to Az PowerShell as andrew@kemponline.co.uk
2025-06-10 17:07:28 - Already connected to Microsoft Graph as andrew@kemponline.co.uk
2025-06-10 17:07:30 - User manually selected bicep file: vPAW-CoreInfra.Bicep
2025-06-10 17:07:32 - Using settings from vPAWconf.inf: Subscription=Microsoft Azure Sponsorship, ResourceGroup=vPAW, ...
2025-06-10 17:07:38 - Prompted: Enter the first name of the user (userFirstName):  Value: Andrew
2025-06-10 17:07:39 - Prompted: Enter the last name of the user (userLastName):  Value: Kemp
2025-06-10 17:07:48 - Prompted: Enter the user's UPN (userUPN):  Value: andrew@kemponline.co.uk
2025-06-10 17:07:51 - Prompted: Enter the first name of the user (userFirstName):  Value: Andy
2025-06-10 17:07:52 - Prompted: Enter the last name of the user (userLastName):  Value: Kemp
2025-06-10 17:08:03 - Prompted: Enter the user's UPN (userUPN):  Value: adm_andrew.kemp@kempy.onmicrosoft.com
2025-06-10 17:08:04 - Prompted: Enter the admin username for the session host (adminUsername) Value: VPAW-Admin
2025-06-10 17:08:12 - Prompted: Enter the admin password for the session host (input hidden):  Value: [hidden]
2025-06-10 17:08:12 - Admin credentials entered (password not logged)
2025-06-10 17:08:13 - Prompted: Enter the primary DNS server (dns1, leave blank for default) Value: 
2025-06-10 17:08:13 - Prompted: Enter the secondary DNS server (dns2, leave blank for default) Value: 
2025-06-10 17:08:14 - Prompted: Enter the SessionHostPrep.ps1 script URL (sessionHostPrepScriptUrl) Value: https://raw.githubusercontent.com/andrew-kemp/CloudPAW/refs/heads/main/SessionHostPrep.ps1
2025-06-10 17:08:15 - Registration key generated (expires 2025-06-11T16:08:14Z)
2025-06-10 17:08:15 - Summary displayed
2025-06-10 17:08:29 - User chose to deploy: y
2025-06-10 17:08:30 - Session host VM 'vPAW-AndrewKemp' already exists. Skipping Bicep deployment.
2025-06-10 17:08:32 - Session host VM 'vPAW-AndyKemp' already exists. Skipping Bicep deployment.
2025-06-10 17:08:33 - Assigned andrew@kemponline.co.uk to session host vPAW-AndrewKemp using Update-AzWvdSessionHost
2025-06-10 17:08:33 - Assigned adm_andrew.kemp@kempy.onmicrosoft.com to session host vPAW-AndyKemp using Update-AzWvdSessionHost
2025-06-10 17:08:36 - Failed to add andrew@kemponline.co.uk to vPAW Users group: Cannot bind argument to parameter 'GroupId' because it is an empty string.
2025-06-10 17:08:36 - Failed to add adm_andrew.kemp@kempy.onmicrosoft.com to vPAW Users group: Cannot bind argument to parameter 'GroupId' because it is an empty string.
2025-06-10 17:08:39 - Device extension attributes set for all devices with displayName starting with 'vPAW'
2025-06-10 17:08:41 - Host pool registration key invalidated
2025-06-10 17:08:41 - Session parameters saved to vPAWconf.inf
2025-06-10 17:08:41 - Workflow completed
2025-06-10 17:10:57 - Script started by andrew
2025-06-10 17:10:57 - Failed to parse vPAWconf.inf
2025-06-10 17:10:57 - Checking modules and Azure CLI presence
2025-06-10 17:11:02 - Script started by andrew
2025-06-10 17:11:02 - Failed to parse vPAWconf.inf
2025-06-10 17:11:02 - Checking modules and Azure CLI presence
2025-06-10 17:11:05 - Already logged in to Azure CLI as andrew@kemponline.co.uk
2025-06-10 17:11:05 - Already connected to Az PowerShell as andrew@kemponline.co.uk
2025-06-10 17:11:05 - Already connected to Microsoft Graph as andrew@kemponline.co.uk
2025-06-10 17:11:25 - Script started by andrew
2025-06-10 17:11:25 - Failed to parse vPAWconf.inf
2025-06-10 17:11:25 - Checking modules and Azure CLI presence
2025-06-10 17:11:28 - Already logged in to Azure CLI as andrew@kemponline.co.uk
2025-06-10 17:11:28 - Already connected to Az PowerShell as andrew@kemponline.co.uk
2025-06-10 17:11:28 - Already connected to Microsoft Graph as andrew@kemponline.co.uk
2025-06-10 17:11:53 - Script started by andrew
2025-06-10 17:11:53 - Loaded previous session config from vPAWconf.inf
2025-06-10 17:11:55 - User chose to reuse previous session config: y
2025-06-10 17:11:55 - Checking modules and Azure CLI presence
2025-06-10 17:11:58 - Already logged in to Azure CLI as andrew@kemponline.co.uk
2025-06-10 17:11:58 - Already connected to Az PowerShell as andrew@kemponline.co.uk
2025-06-10 17:11:58 - Already connected to Microsoft Graph as andrew@kemponline.co.uk
2025-06-10 17:12:00 - Auto-selected session host bicep file: vPAW-Deploy-SessionHost.bicep
2025-06-10 17:12:03 - Using settings from vPAWconf.inf: Subscription=Microsoft Azure Sponsorship, ResourceGroup=vPAW, ...
2025-06-10 17:12:07 - Prompted: Enter the first name of the user (userFirstName):  Value: Andrew
2025-06-10 17:12:08 - Prompted: Enter the last name of the user (userLastName):  Value: Kemp
2025-06-10 17:12:14 - Prompted: Enter the user's UPN (userUPN):  Value: andrew@kemponline.co.uk
2025-06-10 17:12:17 - Prompted: Enter the first name of the user (userFirstName):  Value: Andy
2025-06-10 17:12:19 - Prompted: Enter the last name of the user (userLastName):  Value: Kemp
2025-06-10 17:12:28 - Prompted: Enter the user's UPN (userUPN):  Value: adm_andrew.kemp@kempy.onmicrosoft.com
2025-06-10 17:12:29 - Prompted: Enter the admin username for the session host (adminUsername) Value: VPAW-Admin
2025-06-10 17:12:38 - Prompted: Enter the admin password for the session host (input hidden):  Value: [hidden]
2025-06-10 17:12:38 - Admin credentials entered (password not logged)
2025-06-10 17:12:40 - Prompted: Enter the primary DNS server (dns1, leave blank for default) Value: 
2025-06-10 17:12:41 - Prompted: Enter the secondary DNS server (dns2, leave blank for default) Value: 
2025-06-10 17:12:41 - Prompted: Enter the SessionHostPrep.ps1 script URL (sessionHostPrepScriptUrl) Value: https://raw.githubusercontent.com/andrew-kemp/CloudPAW/refs/heads/main/SessionHostPrep.ps1
2025-06-10 17:12:44 - Registration key generated (expires 2025-06-11T16:12:41Z)
2025-06-10 17:12:44 - Summary displayed
2025-06-10 17:12:48 - User chose to deploy: y
2025-06-10 17:12:50 - Session host VM 'vPAW-AndrewKemp' already exists. Skipping Bicep deployment.
2025-06-10 17:12:51 - Session host VM 'vPAW-AndyKemp' already exists. Skipping Bicep deployment.
2025-06-10 17:12:52 - Assigned andrew@kemponline.co.uk to session host vPAW-AndrewKemp using Update-AzWvdSessionHost
2025-06-10 17:12:52 - Assigned adm_andrew.kemp@kempy.onmicrosoft.com to session host vPAW-AndyKemp using Update-AzWvdSessionHost
2025-06-10 17:12:58 - Added andrew@kemponline.co.uk (ObjectId: f647124a-7747-4a80-aa75-bcc107c83cc8) to vPAW Users group
2025-06-10 17:12:58 - Added adm_andrew.kemp@kempy.onmicrosoft.com (ObjectId: d1755715-fe19-4f7d-a7a2-037f2d71647c) to vPAW Users group
2025-06-10 17:13:01 - Device extension attributes set for all devices with displayName starting with 'vPAW'
2025-06-10 17:13:03 - Host pool registration key invalidated
2025-06-10 17:13:03 - Session parameters saved to vPAWconf.inf
2025-06-10 17:13:03 - Workflow completed
